Library/Bee/Android/Prj/Mono2x/Gradle/unityLibrary/build/intermediates/manifest_merge_blame_file/release/manifest-merger-blame-release-report.txt
1<?xml version="1.0" encoding="utf-8"?>
2<manifest xmlns:android="http://schemas.android.com/apk/res/android"
3    xmlns:tools="http://schemas.android.com/tools"
4    package="com.unity3d.player"
5    android:installLocation="preferExternal"
6    android:versionCode="1"
7    android:versionName="0.1" >
8
9    <uses-sdk
9-->src\main\AndroidManifest.xml:3:3-61
10        android:minSdkVersion="32"
10-->src\main\AndroidManifest.xml:3:3-61
11        android:targetSdkVersion="32"
11-->src\main\AndroidManifest.xml:3:3-61
12        tools:overrideLibrary="com.nreal.glasses_sdk" />
12-->src\main\AndroidManifest.xml:3:13-58
13
14    <supports-screens
14-->src\main\AndroidManifest.xml:4:3-163
15        android:anyDensity="true"
15-->src\main\AndroidManifest.xml:4:135-160
16        android:largeScreens="true"
16-->src\main\AndroidManifest.xml:4:78-105
17        android:normalScreens="true"
17-->src\main\AndroidManifest.xml:4:49-77
18        android:smallScreens="true"
18-->src\main\AndroidManifest.xml:4:21-48
19        android:xlargeScreens="true" />
19-->src\main\AndroidManifest.xml:4:106-134
20
21    <uses-permission android:name="android.permission.BLUETOOTH" />
21-->src\main\AndroidManifest.xml:20:3-66
21-->src\main\AndroidManifest.xml:20:20-63
22    <uses-permission android:name="android.permission.BLUETOOTH_ADMIN" />
22-->src\main\AndroidManifest.xml:21:3-72
22-->src\main\AndroidManifest.xml:21:20-69
23    <uses-permission android:name="android.permission.QUERY_ALL_PACKAGES" />
23-->src\main\AndroidManifest.xml:22:3-75
23-->src\main\AndroidManifest.xml:22:20-72
24
25    <uses-feature android:glEsVersion="0x00030000" />
25-->src\main\AndroidManifest.xml:23:3-52
25-->src\main\AndroidManifest.xml:23:17-49
26
27    <uses-permission android:name="android.permission.VIBRATE" />
27-->src\main\AndroidManifest.xml:24:3-64
27-->src\main\AndroidManifest.xml:24:20-61
28    <uses-permission android:name="android.permission.WRITE_EXTERNAL_STORAGE" />
28-->src\main\AndroidManifest.xml:25:3-79
28-->src\main\AndroidManifest.xml:25:20-76
29
30    <uses-feature
30-->src\main\AndroidManifest.xml:26:3-88
31        android:name="android.hardware.touchscreen"
31-->src\main\AndroidManifest.xml:26:17-60
32        android:required="false" />
32-->src\main\AndroidManifest.xml:26:61-85
33    <uses-feature
33-->src\main\AndroidManifest.xml:27:3-99
34        android:name="android.hardware.touchscreen.multitouch"
34-->src\main\AndroidManifest.xml:27:17-71
35        android:required="false" />
35-->src\main\AndroidManifest.xml:27:72-96
36    <uses-feature
36-->src\main\AndroidManifest.xml:28:3-108
37        android:name="android.hardware.touchscreen.multitouch.distinct"
37-->src\main\AndroidManifest.xml:28:17-80
38        android:required="false" />
38-->src\main\AndroidManifest.xml:28:81-105
39
40    <application
40-->src\main\AndroidManifest.xml:5:3-19:17
41        android:extractNativeLibs="true"
41-->src\main\AndroidManifest.xml:5:123-155
42        android:icon="@mipmap/app_icon"
42-->src\main\AndroidManifest.xml:5:58-89
43        android:label="@string/app_name"
43-->src\main\AndroidManifest.xml:5:90-122
44        android:theme="@style/UnityThemeSelector" >
44-->src\main\AndroidManifest.xml:5:16-57
45        <activity
45-->src\main\AndroidManifest.xml:6:5-12:16
46            android:name="com.unity3d.player.UnityPlayerActivity"
46-->src\main\AndroidManifest.xml:6:15-68
47            android:configChanges="mcc|mnc|locale|touchscreen|keyboard|keyboardHidden|navigation|orientation|screenLayout|uiMode|screenSize|smallestScreenSize|fontScale|layoutDirection|density"
47-->src\main\AndroidManifest.xml:6:138-319
48            android:exported="true"
48-->src\main\AndroidManifest.xml:6:391-414
49            android:hardwareAccelerated="false"
49-->src\main\AndroidManifest.xml:6:355-390
50            android:launchMode="singleTask"
50-->src\main\AndroidManifest.xml:6:106-137
51            android:resizeableActivity="false"
51-->src\main\AndroidManifest.xml:6:320-354
52            android:screenOrientation="portrait" >
52-->src\main\AndroidManifest.xml:6:69-105
53            <intent-filter>
53-->src\main\AndroidManifest.xml:7:7-10:23
54                <action android:name="android.intent.action.MAIN" />
54-->src\main\AndroidManifest.xml:8:9-61
54-->src\main\AndroidManifest.xml:8:17-58
55
56                <category android:name="android.intent.category.LAUNCHER" />
56-->src\main\AndroidManifest.xml:9:9-69
56-->src\main\AndroidManifest.xml:9:19-66
57            </intent-filter>
58
59            <meta-data
59-->src\main\AndroidManifest.xml:11:7-78
60                android:name="android.notch_support"
60-->src\main\AndroidManifest.xml:11:18-54
61                android:value="true" />
61-->src\main\AndroidManifest.xml:11:55-75
62        </activity>
63
64        <meta-data
64-->src\main\AndroidManifest.xml:13:5-64
65            android:name="nreal_sdk"
65-->src\main\AndroidManifest.xml:13:16-40
66            android:value="true" />
66-->src\main\AndroidManifest.xml:13:41-61
67        <meta-data
67-->src\main\AndroidManifest.xml:14:5-69
68            android:name="unity.splash-mode"
68-->src\main\AndroidManifest.xml:14:16-48
69            android:value="0" />
69-->src\main\AndroidManifest.xml:14:49-66
70        <meta-data
70-->src\main\AndroidManifest.xml:15:5-74
71            android:name="unity.splash-enable"
71-->src\main\AndroidManifest.xml:15:16-50
72            android:value="True" />
72-->src\main\AndroidManifest.xml:15:51-71
73        <meta-data
73-->src\main\AndroidManifest.xml:16:5-78
74            android:name="unity.launch-fullscreen"
74-->src\main\AndroidManifest.xml:16:16-54
75            android:value="True" />
75-->src\main\AndroidManifest.xml:16:55-75
76        <meta-data
76-->src\main\AndroidManifest.xml:17:5-84
77            android:name="unity.allow-resizable-window"
77-->src\main\AndroidManifest.xml:17:16-59
78            android:value="False" />
78-->src\main\AndroidManifest.xml:17:60-81
79        <meta-data
79-->src\main\AndroidManifest.xml:18:5-81
80            android:name="notch.config"
80-->src\main\AndroidManifest.xml:18:16-43
81            android:value="portrait|landscape" />
81-->src\main\AndroidManifest.xml:18:44-78
82    </application>
83
84</manifest>